<?xml version="1.0" encoding="UTF-8"?>
<coverage generated="1700739705874" clover="3.2.0">
  <project timestamp="1700739705874" name="All files">
    <metrics statements="30" coveredstatements="30" conditionals="10" coveredconditionals="10" methods="1" coveredmethods="1" elements="41" coveredelements="41" complexity="0" loc="30" ncloc="30" packages="1" files="1" classes="1"/>
    <file name="s3Wrapper.ts" path="C:\Users\Wolfs\Documents\GitHub\aws-s3-archiver\src\s3Wrapper.ts">
      <metrics statements="30" coveredstatements="30" conditionals="10" coveredconditionals="10" methods="1" coveredmethods="1"/>
      <line num="1" count="1" type="stmt"/>
      <line num="2" count="1" type="stmt"/>
      <line num="3" count="1" type="cond" truecount="1" falsecount="0"/>
      <line num="4" count="5" type="stmt"/>
      <line num="5" count="5" type="stmt"/>
      <line num="6" count="5" type="stmt"/>
      <line num="7" count="5" type="stmt"/>
      <line num="8" count="5" type="stmt"/>
      <line num="9" count="5" type="stmt"/>
      <line num="10" count="5" type="stmt"/>
      <line num="11" count="5" type="stmt"/>
      <line num="12" count="5" type="cond" truecount="1" falsecount="0"/>
      <line num="13" count="6" type="stmt"/>
      <line num="14" count="6" type="stmt"/>
      <line num="15" count="6" type="stmt"/>
      <line num="16" count="6" type="stmt"/>
      <line num="17" count="6" type="stmt"/>
      <line num="18" count="6" type="stmt"/>
      <line num="19" count="6" type="cond" truecount="2" falsecount="0"/>
      <line num="20" count="5" type="stmt"/>
      <line num="21" count="5" type="cond" truecount="1" falsecount="0"/>
      <line num="22" count="10" type="cond" truecount="2" falsecount="0"/>
      <line num="23" count="9" type="stmt"/>
      <line num="24" count="5" type="stmt"/>
      <line num="25" count="5" type="stmt"/>
      <line num="26" count="6" type="cond" truecount="2" falsecount="0"/>
      <line num="27" count="6" type="stmt"/>
      <line num="28" count="6" type="cond" truecount="1" falsecount="0"/>
      <line num="29" count="3" type="stmt"/>
      <line num="30" count="3" type="stmt"/>
    </file>
  </project>
</coverage>
