{"C:\\Users\\Wolfs\\Documents\\GitHub\\aws-s3-archiver\\src\\s3Wrapper.ts": {"path":"C:\\Users\\Wolfs\\Documents\\GitHub\\aws-s3-archiver\\src\\s3Wrapper.ts","all":false,"statementMap":{"0":{"start":{"line":1,"column":0},"end":{"line":1,"column":68}},"1":{"start":{"line":2,"column":0},"end":{"line":2,"column":0}},"2":{"start":{"line":3,"column":0},"end":{"line":3,"column":34}},"3":{"start":{"line":4,"column":0},"end":{"line":4,"column":21}},"4":{"start":{"line":5,"column":0},"end":{"line":5,"column":19}},"5":{"start":{"line":6,"column":0},"end":{"line":6,"column":17}},"6":{"start":{"line":7,"column":0},"end":{"line":7,"column":25}},"7":{"start":{"line":8,"column":0},"end":{"line":8,"column":27}},"8":{"start":{"line":9,"column":0},"end":{"line":9,"column":32}},"9":{"start":{"line":10,"column":0},"end":{"line":10,"column":38}},"10":{"start":{"line":11,"column":0},"end":{"line":11,"column":0}},"11":{"start":{"line":12,"column":0},"end":{"line":12,"column":25}},"12":{"start":{"line":13,"column":0},"end":{"line":13,"column":72}},"13":{"start":{"line":14,"column":0},"end":{"line":14,"column":27}},"14":{"start":{"line":15,"column":0},"end":{"line":15,"column":25}},"15":{"start":{"line":16,"column":0},"end":{"line":16,"column":30}},"16":{"start":{"line":17,"column":0},"end":{"line":17,"column":11}},"17":{"start":{"line":18,"column":0},"end":{"line":18,"column":92}},"18":{"start":{"line":19,"column":0},"end":{"line":19,"column":88}},"19":{"start":{"line":20,"column":0},"end":{"line":20,"column":35}},"20":{"start":{"line":21,"column":0},"end":{"line":21,"column":39}},"21":{"start":{"line":22,"column":0},"end":{"line":22,"column":78}},"22":{"start":{"line":23,"column":0},"end":{"line":23,"column":79}},"23":{"start":{"line":24,"column":0},"end":{"line":24,"column":15}},"24":{"start":{"line":25,"column":0},"end":{"line":25,"column":10}},"25":{"start":{"line":26,"column":0},"end":{"line":26,"column":56}},"26":{"start":{"line":27,"column":0},"end":{"line":27,"column":50}},"27":{"start":{"line":28,"column":0},"end":{"line":28,"column":5}},"28":{"start":{"line":29,"column":0},"end":{"line":29,"column":20}},"29":{"start":{"line":30,"column":0},"end":{"line":30,"column":2}}},"s":{"0":1,"1":1,"2":1,"3":5,"4":5,"5":5,"6":5,"7":5,"8":5,"9":5,"10":5,"11":5,"12":6,"13":6,"14":6,"15":6,"16":6,"17":6,"18":6,"19":5,"20":5,"21":10,"22":9,"23":5,"24":5,"25":6,"26":6,"27":6,"28":3,"29":3},"branchMap":{"0":{"type":"branch","line":3,"loc":{"start":{"line":3,"column":27},"end":{"line":30,"column":2}},"locations":[{"start":{"line":3,"column":27},"end":{"line":30,"column":2}}]},"1":{"type":"branch","line":12,"loc":{"start":{"line":12,"column":24},"end":{"line":28,"column":5}},"locations":[{"start":{"line":12,"column":24},"end":{"line":28,"column":5}}]},"2":{"type":"branch","line":19,"loc":{"start":{"line":19,"column":47},"end":{"line":19,"column":88}},"locations":[{"start":{"line":19,"column":47},"end":{"line":19,"column":88}}]},"3":{"type":"branch","line":19,"loc":{"start":{"line":19,"column":86},"end":{"line":26,"column":36}},"locations":[{"start":{"line":19,"column":86},"end":{"line":26,"column":36}}]},"4":{"type":"branch","line":26,"loc":{"start":{"line":26,"column":22},"end":{"line":26,"column":50}},"locations":[{"start":{"line":26,"column":22},"end":{"line":26,"column":50}}]},"5":{"type":"branch","line":26,"loc":{"start":{"line":26,"column":36},"end":{"line":26,"column":56}},"locations":[{"start":{"line":26,"column":36},"end":{"line":26,"column":56}}]},"6":{"type":"branch","line":28,"loc":{"start":{"line":28,"column":4},"end":{"line":30,"column":2}},"locations":[{"start":{"line":28,"column":4},"end":{"line":30,"column":2}}]},"7":{"type":"branch","line":21,"loc":{"start":{"line":21,"column":25},"end":{"line":24,"column":13}},"locations":[{"start":{"line":21,"column":25},"end":{"line":24,"column":13}}]},"8":{"type":"branch","line":22,"loc":{"start":{"line":22,"column":34},"end":{"line":22,"column":78}},"locations":[{"start":{"line":22,"column":34},"end":{"line":22,"column":78}}]},"9":{"type":"branch","line":22,"loc":{"start":{"line":22,"column":76},"end":{"line":23,"column":79}},"locations":[{"start":{"line":22,"column":76},"end":{"line":23,"column":79}}]}},"b":{"0":[5],"1":[6],"2":[1],"3":[5],"4":[1],"5":[3],"6":[3],"7":[10],"8":[1],"9":[9]},"fnMap":{"0":{"name":"listObjects","decl":{"start":{"line":3,"column":27},"end":{"line":30,"column":2}},"loc":{"start":{"line":3,"column":27},"end":{"line":30,"column":2}},"line":3}},"f":{"0":5}}
}
